<?xml version="1.0" encoding="UTF-8"?>
<testsuite xmlns:xsi="http://www.w3.org/2001/XMLSchema-instance" xsi:noNamespaceSchemaLocation="https://maven.apache.org/surefire/maven-surefire-plugin/xsd/surefire-test-report.xsd" name="edu.bsu.cs420.javaships.JsonShipTest" time="0.038" tests="10" errors="0" skipped="0" failures="0">
  <properties>
    <property name="sun.desktop" value="gnome"/>
    <property name="awt.toolkit" value="sun.awt.X11.XToolkit"/>
    <property name="file.encoding.pkg" value="sun.io"/>
    <property name="java.specification.version" value="1.8"/>
    <property name="sun.cpu.isalist" value=""/>
    <property name="sun.jnu.encoding" value="UTF-8"/>
    <property name="java.class.path" value="/home/nicolas/professionnel/enseignement/bsu/420/week_8_rest/ships_rest/javaships/target/test-classes:/home/nicolas/professionnel/enseignement/bsu/420/week_8_rest/ships_rest/javaships/target/classes:/home/nicolas/.m2/repository/javax/javaee-api/8.0/javaee-api-8.0.jar:/home/nicolas/.m2/repository/com/sun/mail/javax.mail/1.6.0/javax.mail-1.6.0.jar:/home/nicolas/.m2/repository/javax/activation/activation/1.1/activation-1.1.jar:/home/nicolas/.m2/repository/javax/json/javax.json-api/1.1.4/javax.json-api-1.1.4.jar:/home/nicolas/.m2/repository/org/glassfish/main/extras/glassfish-embedded-all/5.1.0/glassfish-embedded-all-5.1.0.jar:/usr/local/lib/jdk1.8.0_241/jre/../lib/tools.jar:/home/nicolas/.m2/repository/org/junit/jupiter/junit-jupiter-api/5.4.2/junit-jupiter-api-5.4.2.jar:/home/nicolas/.m2/repository/org/apiguardian/apiguardian-api/1.0.0/apiguardian-api-1.0.0.jar:/home/nicolas/.m2/repository/org/opentest4j/opentest4j/1.1.1/opentest4j-1.1.1.jar:/home/nicolas/.m2/repository/org/junit/jupiter/junit-jupiter-engine/5.4.2/junit-jupiter-engine-5.4.2.jar:/home/nicolas/.m2/repository/org/junit/platform/junit-platform-engine/1.4.2/junit-platform-engine-1.4.2.jar:/home/nicolas/.m2/repository/org/junit/platform/junit-platform-commons/1.5.2/junit-platform-commons-1.5.2.jar:"/>
    <property name="java.vm.vendor" value="Oracle Corporation"/>
    <property name="sun.arch.data.model" value="64"/>
    <property name="java.vendor.url" value="http://java.oracle.com/"/>
    <property name="user.timezone" value=""/>
    <property name="java.vm.specification.version" value="1.8"/>
    <property name="os.name" value="Linux"/>
    <property name="user.country" value="FR"/>
    <property name="sun.java.launcher" value="SUN_STANDARD"/>
    <property name="sun.boot.library.path" value="/usr/local/lib/jdk1.8.0_241/jre/lib/amd64"/>
    <property name="sun.java.command" value="/home/nicolas/professionnel/enseignement/bsu/420/week_8_rest/ships_rest/javaships/target/surefire/surefirebooter5807678940337754857.jar /home/nicolas/professionnel/enseignement/bsu/420/week_8_rest/ships_rest/javaships/target/surefire 2020-03-11T17-17-22_393-jvmRun1 surefire2996272011408810351tmp surefire_0140824213221656992tmp"/>
    <property name="surefire.test.class.path" value="/home/nicolas/professionnel/enseignement/bsu/420/week_8_rest/ships_rest/javaships/target/test-classes:/home/nicolas/professionnel/enseignement/bsu/420/week_8_rest/ships_rest/javaships/target/classes:/home/nicolas/.m2/repository/javax/javaee-api/8.0/javaee-api-8.0.jar:/home/nicolas/.m2/repository/com/sun/mail/javax.mail/1.6.0/javax.mail-1.6.0.jar:/home/nicolas/.m2/repository/javax/activation/activation/1.1/activation-1.1.jar:/home/nicolas/.m2/repository/javax/json/javax.json-api/1.1.4/javax.json-api-1.1.4.jar:/home/nicolas/.m2/repository/org/glassfish/main/extras/glassfish-embedded-all/5.1.0/glassfish-embedded-all-5.1.0.jar:/usr/local/lib/jdk1.8.0_241/jre/../lib/tools.jar:/home/nicolas/.m2/repository/org/junit/jupiter/junit-jupiter-api/5.4.2/junit-jupiter-api-5.4.2.jar:/home/nicolas/.m2/repository/org/apiguardian/apiguardian-api/1.0.0/apiguardian-api-1.0.0.jar:/home/nicolas/.m2/repository/org/opentest4j/opentest4j/1.1.1/opentest4j-1.1.1.jar:/home/nicolas/.m2/repository/org/junit/jupiter/junit-jupiter-engine/5.4.2/junit-jupiter-engine-5.4.2.jar:/home/nicolas/.m2/repository/org/junit/platform/junit-platform-engine/1.4.2/junit-platform-engine-1.4.2.jar:/home/nicolas/.m2/repository/org/junit/platform/junit-platform-commons/1.5.2/junit-platform-commons-1.5.2.jar:"/>
    <property name="sun.cpu.endian" value="little"/>
    <property name="user.home" value="/home/nicolas"/>
    <property name="user.language" value="fr"/>
    <property name="java.specification.vendor" value="Oracle Corporation"/>
    <property name="java.home" value="/usr/local/lib/jdk1.8.0_241/jre"/>
    <property name="basedir" value="/home/nicolas/professionnel/enseignement/bsu/420/week_8_rest/ships_rest/javaships"/>
    <property name="file.separator" value="/"/>
    <property name="line.separator" value="&#10;"/>
    <property name="java.vm.specification.vendor" value="Oracle Corporation"/>
    <property name="java.specification.name" value="Java Platform API Specification"/>
    <property name="java.awt.graphicsenv" value="sun.awt.X11GraphicsEnvironment"/>
    <property name="surefire.real.class.path" value="/home/nicolas/professionnel/enseignement/bsu/420/week_8_rest/ships_rest/javaships/target/surefire/surefirebooter5807678940337754857.jar"/>
    <property name="sun.boot.class.path" value="/usr/local/lib/jdk1.8.0_241/jre/lib/resources.jar:/usr/local/lib/jdk1.8.0_241/jre/lib/rt.jar:/usr/local/lib/jdk1.8.0_241/jre/lib/sunrsasign.jar:/usr/local/lib/jdk1.8.0_241/jre/lib/jsse.jar:/usr/local/lib/jdk1.8.0_241/jre/lib/jce.jar:/usr/local/lib/jdk1.8.0_241/jre/lib/charsets.jar:/usr/local/lib/jdk1.8.0_241/jre/lib/jfr.jar:/usr/local/lib/jdk1.8.0_241/jre/classes"/>
    <property name="sun.management.compiler" value="HotSpot 64-Bit Tiered Compilers"/>
    <property name="java.runtime.version" value="1.8.0_241-b07"/>
    <property name="user.name" value="nicolas"/>
    <property name="path.separator" value=":"/>
    <property name="os.version" value="4.19.0-6-amd64"/>
    <property name="java.endorsed.dirs" value="/usr/local/lib/jdk1.8.0_241/jre/lib/endorsed"/>
    <property name="java.runtime.name" value="Java(TM) SE Runtime Environment"/>
    <property name="file.encoding" value="UTF-8"/>
    <property name="java.vm.name" value="Java HotSpot(TM) 64-Bit Server VM"/>
    <property name="localRepository" value="/home/nicolas/.m2/repository"/>
    <property name="java.vendor.url.bug" value="http://bugreport.sun.com/bugreport/"/>
    <property name="java.io.tmpdir" value="/tmp"/>
    <property name="java.version" value="1.8.0_241"/>
    <property name="user.dir" value="/home/nicolas/professionnel/enseignement/bsu/420/week_8_rest/ships_rest/javaships"/>
    <property name="os.arch" value="amd64"/>
    <property name="java.vm.specification.name" value="Java Virtual Machine Specification"/>
    <property name="java.awt.printerjob" value="sun.print.PSPrinterJob"/>
    <property name="sun.os.patch.level" value="unknown"/>
    <property name="java.library.path" value=":.:/usr/java/packages/lib/amd64:/usr/lib64:/lib64:/lib:/usr/lib"/>
    <property name="java.vm.info" value="mixed mode"/>
    <property name="java.vendor" value="Oracle Corporation"/>
    <property name="java.vm.version" value="25.241-b07"/>
    <property name="java.ext.dirs" value="/usr/local/lib/jdk1.8.0_241/jre/lib/ext:/usr/java/packages/lib/ext"/>
    <property name="sun.io.unicode.encoding" value="UnicodeLittle"/>
    <property name="java.class.version" value="52.0"/>
  </properties>
  <testcase name="testShipCollectionFromString_Content" classname="edu.bsu.cs420.javaships.JsonShipTest" time="0.016"/>
  <testcase name="testCreateShipFromString_Mmsi" classname="edu.bsu.cs420.javaships.JsonShipTest" time="0"/>
  <testcase name="testCreateShipFromString_Name" classname="edu.bsu.cs420.javaships.JsonShipTest" time="0.001"/>
  <testcase name="testCreateShipFromString_null" classname="edu.bsu.cs420.javaships.JsonShipTest" time="0"/>
  <testcase name="testShipCollectionFromString_ShipAsList" classname="edu.bsu.cs420.javaships.JsonShipTest" time="0.001"/>
  <testcase name="testCreateShipFromString_Client" classname="edu.bsu.cs420.javaships.JsonShipTest" time="0.001"/>
  <testcase name="testToJsonObject_Client" classname="edu.bsu.cs420.javaships.JsonShipTest" time="0"/>
  <testcase name="testShipCollectionFromString_Size" classname="edu.bsu.cs420.javaships.JsonShipTest" time="0"/>
  <testcase name="testToJsonObject_Mmsi" classname="edu.bsu.cs420.javaships.JsonShipTest" time="0"/>
  <testcase name="testToJsonObject_Name" classname="edu.bsu.cs420.javaships.JsonShipTest" time="0"/>
</testsuite>